<?xml version="1.0" encoding="UTF-8"?>
<!-- Generated by org.testng.reporters.JUnitReportReporter -->
<testsuite hostname="Nidish" failures="0" tests="2" name="testngexamples.HRM" time="32.724" errors="0" timestamp="27 Sep 2022 09:46:58 GMT" skipped="0">
  <testcase classname="testngexamples.HRM" name="HRMLogin" time="11.381"/>
  <testcase classname="testngexamples.HRM" name="HRMLogout" time="21.343"/>
</testsuite> <!-- testngexamples.HRM -->
