<?xml version="1.0" encoding="UTF-8"?>
<!-- Generated by org.testng.reporters.JUnitReportReporter -->
<testsuite hostname="Nidish" failures="0" tests="1" name="testngexamples.HRMCssSelector" time="19.490" errors="0" timestamp="27 Sep 2022 10:07:07 GMT" skipped="0">
  <testcase classname="testngexamples.HRMCssSelector" name="HRMLogin" time="19.490"/>
</testsuite> <!-- testngexamples.HRMCssSelector -->
