<?xml version="1.0" encoding="UTF-8"?>
<!-- Generated by org.testng.reporters.JUnitReportReporter -->
<testsuite hostname="Nidish" failures="0" tests="7" name="testngexamples.DataProviderExample" time="52.036" errors="0" timestamp="28 Sep 2022 09:07:08 GMT" skipped="0">
  <testcase classname="testngexamples.DataProviderExample" name="testSearchCountry" time="6.477"/>
  <testcase classname="testngexamples.DataProviderExample" name="testSearchCountry" time="5.698"/>
  <testcase classname="testngexamples.DataProviderExample" name="testSearchCountry" time="6.338"/>
  <testcase classname="testngexamples.DataProviderExample" name="testSearchCountry" time="6.480"/>
  <testcase classname="testngexamples.DataProviderExample" name="testSearchCountry" time="7.273"/>
  <testcase classname="testngexamples.DataProviderExample" name="testSearchCountry" time="5.960"/>
  <testcase classname="testngexamples.DataProviderExample" name="testSearchCountry" time="13.810"/>
</testsuite> <!-- testngexamples.DataProviderExample -->
