<?xml version="1.0" encoding="UTF-8"?>
<!-- Generated by org.testng.reporters.JUnitReportReporter -->
<testsuite hostname="Nidish" failures="0" tests="2" name="Testng.HRMLogIn" time="36.477" errors="0" timestamp="27 Sep 2022 09:45:56 GMT" skipped="0">
  <testcase classname="Testng.HRMLogIn" name="HrmLogin" time="15.289"/>
  <testcase classname="Testng.HRMLogIn" name="Hrmlogout" time="21.188"/>
</testsuite> <!-- Testng.HRMLogIn -->
